Array
(
    [id] => 
    [csrf_token] => ada7db59237e034d226759aa9ae4e45a42ad02d6ca85d135e53be258fbe5cc0b
    [title] => test1
    [description] => 
    [status] => done
    [due_date] => 
)
Array
(
    [id] => 
    [csrf_token] => ada7db59237e034d226759aa9ae4e45a42ad02d6ca85d135e53be258fbe5cc0b
    [title] => gpo laps
    [description] => a tester sur ou de test
    [status] => todo
    [due_date] => 
)
Array
(
    [id] => 
    [csrf_token] => ada7db59237e034d226759aa9ae4e45a42ad02d6ca85d135e53be258fbe5cc0b
    [title] => package pouet
    [description] => 
    [status] => todo
    [due_date] => 
)
Array
(
    [id] => 
    [csrf_token] => ada7db59237e034d226759aa9ae4e45a42ad02d6ca85d135e53be258fbe5cc0b
    [title] => documenter wamp
    [description] => 
    [status] => done
    [due_date] => 
)
